[ 2020-04-12 22:52:36 ] - AuctioneerMicroservice se executa pe portul: 1500
[ 2020-04-12 22:52:36 ] - Se asteapta oferte de la bidderi...
[ 2020-04-12 22:52:51 ] - Licitatia s-a incheiat! Se trimit ofertele spre procesare...
[ 2020-04-12 22:52:51 ] - Nu ma pot conecta la MessageProcessor!
[ 2020-04-12 22:53:35 ] - AuctioneerMicroservice se executa pe portul: 1500
[ 2020-04-12 22:53:35 ] - Se asteapta oferte de la bidderi...
[ 2020-04-12 22:54:08 ] - Licitatia s-a incheiat! Se trimit ofertele spre procesare...
[ 2020-04-12 22:54:08 ] - Am trimis toate ofertele catre MessageProcessor.
[ 2020-04-12 22:54:08 ] - Am trimis toate ofertele catre MessageProcessor.
[ 2020-04-12 22:54:08 ] - Am trimis toate ofertele catre MessageProcessor.
[ 2020-04-12 22:54:08 ] - Am trimis toate ofertele catre MessageProcessor.
[ 2020-04-12 22:54:08 ] - Am trimis toate ofertele catre MessageProcessor.
[ 2020-04-12 22:54:08 ] - Am trimis toate ofertele catre MessageProcessor.
[ 2020-04-12 22:54:08 ] - Am trimis toate ofertele catre MessageProcessor.
[ 2020-04-12 22:54:08 ] - Am trimis toate ofertele catre MessageProcessor.
[ 2020-04-12 22:54:08 ] - Am trimis toate ofertele catre MessageProcessor.
[ 2020-04-12 22:54:08 ] - Am trimis toate ofertele catre MessageProcessor.
[ 2020-04-12 22:54:08 ] - Am trimis toate ofertele catre MessageProcessor.
[ 2020-04-12 22:54:08 ] - Am trimis toate ofertele catre MessageProcessor.
[ 2020-04-12 22:54:08 ] - Am trimis toate ofertele catre MessageProcessor.
[ 2020-04-12 22:54:08 ] - Am trimis toate ofertele catre MessageProcessor.
[ 2020-04-12 22:54:08 ] - Am trimis toate ofertele catre MessageProcessor.
[ 2020-04-12 22:54:08 ] - Am trimis toate ofertele catre MessageProcessor.
[ 2020-04-12 22:54:08 ] - Am trimis toate ofertele catre MessageProcessor.
[ 2020-04-12 22:54:08 ] - Am trimis toate ofertele catre MessageProcessor.
[ 2020-04-12 22:54:08 ] - Am trimis toate ofertele catre MessageProcessor.
[ 2020-04-12 22:54:08 ] - Am trimis toate ofertele catre MessageProcessor.
[ 2020-04-12 22:54:08 ] - Am trimis toate ofertele catre MessageProcessor.
[ 2020-04-12 22:54:08 ] - Am trimis toate ofertele catre MessageProcessor.
[ 2020-04-12 22:54:08 ] - Am trimis toate ofertele catre MessageProcessor.
[ 2020-04-12 22:54:08 ] - Am trimis toate ofertele catre MessageProcessor.
[ 2020-04-12 22:54:08 ] - Am trimis toate ofertele catre MessageProcessor.
[ 2020-04-12 22:54:08 ] - Am trimis toate ofertele catre MessageProcessor.
[ 2020-04-12 22:54:08 ] - Am trimis toate ofertele catre MessageProcessor.
[ 2020-04-12 22:54:08 ] - Am trimis toate ofertele catre MessageProcessor.
[ 2020-04-12 22:54:08 ] - Am trimis toate ofertele catre MessageProcessor.
[ 2020-04-12 22:54:08 ] - Am trimis toate ofertele catre MessageProcessor.
[ 2020-04-12 22:54:08 ] - Am trimis toate ofertele catre MessageProcessor.
[ 2020-04-12 22:54:08 ] - Am trimis toate ofertele catre MessageProcessor.
[ 2020-04-12 22:54:08 ] - Am trimis toate ofertele catre MessageProcessor.
[ 2020-04-12 22:54:08 ] - Am trimis toate ofertele catre MessageProcessor.
[ 2020-04-12 22:54:08 ] - Am trimis toate ofertele catre MessageProcessor.
[ 2020-04-12 22:54:08 ] - Am trimis toate ofertele catre MessageProcessor.
[ 2020-04-12 22:54:08 ] - Am trimis toate ofertele catre MessageProcessor.
[ 2020-04-12 22:54:08 ] - Am trimis toate ofertele catre MessageProcessor.
[ 2020-04-12 22:54:08 ] - Am trimis toate ofertele catre MessageProcessor.
[ 2020-04-12 22:54:08 ] - Am trimis toate ofertele catre MessageProcessor.
[ 2020-04-12 22:54:08 ] - Am trimis toate ofertele catre MessageProcessor.
[ 2020-04-12 22:54:08 ] - Am trimis toate ofertele catre MessageProcessor.
[ 2020-04-12 22:54:08 ] - Am trimis toate ofertele catre MessageProcessor.
[ 2020-04-12 22:54:08 ] - Am trimis toate ofertele catre MessageProcessor.
[ 2020-04-12 22:54:08 ] - Am trimis toate ofertele catre MessageProcessor.
[ 2020-04-12 22:54:08 ] - Am trimis toate ofertele catre MessageProcessor.
[ 2020-04-12 22:54:08 ] - Am trimis toate ofertele catre MessageProcessor.
[ 2020-04-12 22:54:08 ] - Am trimis toate ofertele catre MessageProcessor.
[ 2020-04-12 22:54:08 ] - Am trimis toate ofertele catre MessageProcessor.
[ 2020-04-12 22:54:08 ] - Am trimis toate ofertele catre MessageProcessor.
[ 2020-04-12 22:54:08 ] - Am trimis toate ofertele catre MessageProcessor.
[ 2020-04-12 22:54:08 ] - Am trimis toate ofertele catre MessageProcessor.
[ 2020-04-12 22:54:08 ] - Am trimis toate ofertele catre MessageProcessor.
[ 2020-04-12 22:54:08 ] - Am trimis toate ofertele catre MessageProcessor.
[ 2020-04-12 22:54:08 ] - Am trimis toate ofertele catre MessageProcessor.
[ 2020-04-12 22:54:08 ] - Am trimis toate ofertele catre MessageProcessor.
[ 2020-04-12 22:54:08 ] - Am trimis toate ofertele catre MessageProcessor.
[ 2020-04-12 22:54:08 ] - Am trimis toate ofertele catre MessageProcessor.
[ 2020-04-12 22:54:08 ] - Am trimis toate ofertele catre MessageProcessor.
[ 2020-04-12 22:54:08 ] - Am trimis toate ofertele catre MessageProcessor.
[ 2020-04-12 22:54:08 ] - Am trimis toate ofertele catre MessageProcessor.
[ 2020-04-12 22:54:08 ] - Am trimis toate ofertele catre MessageProcessor.
[ 2020-04-12 22:54:08 ] - Am trimis toate ofertele catre MessageProcessor.
[ 2020-04-12 22:54:08 ] - Am trimis toate ofertele catre MessageProcessor.
[ 2020-04-12 22:54:08 ] - Am trimis toate ofertele catre MessageProcessor.
[ 2020-04-12 22:54:08 ] - Am trimis toate ofertele catre MessageProcessor.
[ 2020-04-12 22:54:08 ] - Am trimis toate ofertele catre MessageProcessor.
[ 2020-04-12 22:54:08 ] - Am trimis toate ofertele catre MessageProcessor.
[ 2020-04-12 22:54:08 ] - Am trimis toate ofertele catre MessageProcessor.
[ 2020-04-12 22:54:08 ] - Am trimis toate ofertele catre MessageProcessor.
[ 2020-04-12 22:54:08 ] - Am trimis toate ofertele catre MessageProcessor.
[ 2020-04-12 22:54:08 ] - Am trimis toate ofertele catre MessageProcessor.
[ 2020-04-12 22:54:08 ] - Am trimis toate ofertele catre MessageProcessor.
[ 2020-04-12 22:54:08 ] - Am trimis toate ofertele catre MessageProcessor.
[ 2020-04-12 22:54:08 ] - Am trimis toate ofertele catre MessageProcessor.
[ 2020-04-12 22:54:08 ] - Am trimis toate ofertele catre MessageProcessor.
[ 2020-04-12 22:54:08 ] - Am trimis toate ofertele catre MessageProcessor.
[ 2020-04-12 22:54:08 ] - Am trimis toate ofertele catre MessageProcessor.
[ 2020-04-12 22:54:08 ] - Am trimis toate ofertele catre MessageProcessor.
[ 2020-04-12 22:54:08 ] - Am trimis toate ofertele catre MessageProcessor.
[ 2020-04-12 22:54:08 ] - Am trimis toate ofertele catre MessageProcessor.
[ 2020-04-12 22:54:08 ] - Am trimis toate ofertele catre MessageProcessor.
[ 2020-04-12 22:54:08 ] - Am trimis toate ofertele catre MessageProcessor.
[ 2020-04-12 22:54:08 ] - Am trimis toate ofertele catre MessageProcessor.
[ 2020-04-12 22:54:08 ] - Am trimis toate ofertele catre MessageProcessor.
[ 2020-04-12 22:54:08 ] - Am trimis toate ofertele catre MessageProcessor.
[ 2020-04-12 22:54:08 ] - Am trimis toate ofertele catre MessageProcessor.
[ 2020-04-12 22:54:08 ] - Am trimis toate ofertele catre MessageProcessor.
[ 2020-04-12 22:54:08 ] - Am trimis toate ofertele catre MessageProcessor.
[ 2020-04-12 22:54:08 ] - Am trimis toate ofertele catre MessageProcessor.
[ 2020-04-12 22:54:08 ] - Am trimis toate ofertele catre MessageProcessor.
[ 2020-04-12 22:54:08 ] - Am trimis toate ofertele catre MessageProcessor.
[ 2020-04-12 22:54:08 ] - Am trimis toate ofertele catre MessageProcessor.
[ 2020-04-12 22:54:08 ] - Am trimis toate ofertele catre MessageProcessor.
[ 2020-04-12 22:54:08 ] - Am trimis toate ofertele catre MessageProcessor.
[ 2020-04-12 22:54:08 ] - Am trimis toate ofertele catre MessageProcessor.
[ 2020-04-12 22:54:08 ] - Am trimis toate ofertele catre MessageProcessor.
[ 2020-04-12 22:54:08 ] - Am trimis toate ofertele catre MessageProcessor.
[ 2020-04-12 22:54:08 ] - Am trimis toate ofertele catre MessageProcessor.
[ 2020-04-12 22:54:08 ] - Am trimis toate ofertele catre MessageProcessor.
[ 2020-04-12 22:54:08 ] - Am trimis toate ofertele catre MessageProcessor.
[ 2020-04-12 22:54:08 ] - Am primit rezultatul licitatiei de la BiddingProcessor: /127.0.0.1:44424 a castigat cu pretul: 9891
[ 2020-07-04 03:18:44 ] - AuctioneerMicroservice se executa pe portul: 1500
[ 2020-07-04 03:18:44 ] - Se asteapta oferte de la bidderi...
[ 2020-07-04 03:19:00 ] - Licitatia s-a incheiat! Se trimit ofertele spre procesare...
[ 2020-07-04 03:19:00 ] - Eroare! Nici un bidder
[ 2020-07-04 03:19:09 ] - AuctioneerMicroservice se executa pe portul: 1500
[ 2020-07-04 03:19:09 ] - Se asteapta oferte de la bidderi...
[ 2020-07-04 03:19:24 ] - Licitatia s-a incheiat! Se trimit ofertele spre procesare...
[ 2020-07-04 03:19:24 ] - Eroare! Nici un bidder
[ 2020-07-04 03:21:26 ] - AuctioneerMicroservice se executa pe portul: 1500
[ 2020-07-04 03:21:27 ] - Se asteapta oferte de la bidderi...
[ 2020-07-04 03:21:52 ] - Licitatia s-a incheiat! Se trimit ofertele spre procesare...
[ 2020-07-04 03:21:52 ] - Castigatorul este: /127.0.0.1:38292 (Nume : Cordell Geary)
[ 2020-07-04 03:21:52 ] - Am primit rezultatul licitatiei de la BiddingProcessor: /127.0.0.1:38292 a castigat cu pretul: 9463
